2023-04-02 21:12:28.017495 - Initialized conversion of CBT046
2023-04-02 21:12:28.146060 - Received CBT.V504.FILE046.PDS from FILE046.XMI 
2023-04-02 21:12:28.148377 - Found $$$#DATE.txt (text/plain) in CBT.V504.FILE046.PDS, moved to PDS/$$$#DATE
2023-04-02 21:12:28.149795 - Found $$NOTE01.txt (text/plain) in CBT.V504.FILE046.PDS, moved to PDS/$$NOTE01
2023-04-02 21:12:28.150937 - Found $$NOTE02.txt (text/plain) in CBT.V504.FILE046.PDS, moved to PDS/$$NOTE02
2023-04-02 21:12:28.151913 - Found @FILE046.txt (text/plain) in CBT.V504.FILE046.PDS, moved to PDS/@FILE046
2023-04-02 21:12:28.153058 - Found BACKEND.txt (text/plain) in CBT.V504.FILE046.PDS, moved to PDS/BACKEND
2023-04-02 21:12:28.154423 - Found BACKENDU.txt (text/plain) in CBT.V504.FILE046.PDS, moved to PDS/BACKENDU
2023-04-02 21:12:28.155569 - Found BACKENDZ.txt (text/plain) in CBT.V504.FILE046.PDS, moved to PDS/BACKENDZ
2023-04-02 21:12:28.156699 - Found CBTJCL.jcl (text/plain) in CBT.V504.FILE046.PDS, moved to PDS/CBTJCL
2023-04-02 21:12:28.157759 - Found PACKRAT.txt (text/plain) in CBT.V504.FILE046.PDS, moved to PDS/PACKRAT
2023-04-02 21:12:28.159000 - Found PACKRAT$.jcl (text/plain) in CBT.V504.FILE046.PDS, moved to PDS/PACKRAT$
2023-04-02 21:12:28.160309 - Found PACKRAT#.jcl (text/plain) in CBT.V504.FILE046.PDS, moved to PDS/PACKRAT#
2023-04-02 21:12:28.161390 - Found PACKRATU.txt (text/plain) in CBT.V504.FILE046.PDS, moved to PDS/PACKRATU
2023-04-02 21:12:28.162364 - Found PACKRATZ.txt (text/plain) in CBT.V504.FILE046.PDS, moved to PDS/PACKRATZ
2023-04-02 21:12:28.163370 - Found SAMPSCR1.txt (text/plain) in CBT.V504.FILE046.PDS, moved to PDS/SAMPSCR1
2023-04-02 21:12:28.164484 - Found SAMPSCR2.txt (text/plain) in CBT.V504.FILE046.PDS, moved to PDS/SAMPSCR2
2023-04-02 21:12:28.165562 - Found ULUDSECT.txt (text/plain) in CBT.V504.FILE046.PDS, moved to PDS/ULUDSECT
2023-04-02 21:12:28.166552 - Found ULUINIT.txt (text/plain) in CBT.V504.FILE046.PDS, moved to PDS/ULUINIT
2023-04-02 21:12:28.167483 - Found ULUSCAN.txt (text/plain) in CBT.V504.FILE046.PDS, moved to PDS/ULUSCAN
